
28/11/22 12:33:30 - copiando archivo recordatorio para las 86220(1st January 1970 08:57:00 PM (-03))
28/11/22 12:33:30 - Archivos generados para página web...
28/11/22 12:33:30 - Modo emergencia. audio=log/log28-11-2022 12:33:30.1msi1crskr8mp0jbuur58eeqk3.wav
28/11/22 12:33:30 - 
28/11/22 12:38:25 - Escuchando audio='php/tmp/salida1msi1crskr8mp0jbuur58eeqk3.wav'
28/11/22 12:39:27 - Escuchando audio='php/tmp/salida1msi1crskr8mp0jbuur58eeqk3.wav'
28/11/22 12:39:28 - Escuchando audio='php/tmp/salida1msi1crskr8mp0jbuur58eeqk3.wav'
28/11/22 12:39:31 - Escuchando audio='php/tmp/salida1msi1crskr8mp0jbuur58eeqk3.wav'
28/11/22 12:39:31 - Escuchando audio='php/tmp/salida1msi1crskr8mp0jbuur58eeqk3.wav'
28/11/22 12:39:32 - Escuchando audio='php/tmp/salida1msi1crskr8mp0jbuur58eeqk3.wav'
28/11/22 12:39:32 - Escuchando audio='php/tmp/salida1msi1crskr8mp0jbuur58eeqk3.wav'
28/11/22 12:39:32 - Escuchando audio='php/tmp/salida1msi1crskr8mp0jbuur58eeqk3.wav'
28/11/22 12:39:32 - Escuchando audio='php/tmp/salida1msi1crskr8mp0jbuur58eeqk3.wav'
28/11/22 12:39:33 - Escuchando audio='php/tmp/salida1msi1crskr8mp0jbuur58eeqk3.wav'
28/11/22 12:39:33 - Escuchando audio='php/tmp/salida1msi1crskr8mp0jbuur58eeqk3.wav'
28/11/22 12:39:40 - copiando archivo recordatorio para las 1669652820(28th November 2022 01:27:00 PM (-03))
28/11/22 12:39:40 - Archivos generados para página web...
28/11/22 12:39:40 - Modo emergencia. audio=log/log28-11-2022 12:39:40.1msi1crskr8mp0jbuur58eeqk3.wav
28/11/22 12:39:40 - 
28/11/22 12:39:45 - Escuchando audio='php/tmp/salida1msi1crskr8mp0jbuur58eeqk3.wav'
28/11/22 12:40:28 - 
28/11/22 12:40:28 - Saliendo del modo emergencia.
28/11/22 12:40:52 - Escuchando audio='php/tmp/salida1msi1crskr8mp0jbuur58eeqk3.wav'
28/11/22 12:44:36 - copiando archivo recordatorio para las 1669688820(28th November 2022 11:27:00 PM (-03))
28/11/22 12:44:36 - Archivos generados para página web...
28/11/22 12:44:36 - Modo emergencia. audio=log/log28-11-2022 12:44:36.1msi1crskr8mp0jbuur58eeqk3.wav
28/11/22 12:44:36 - 
28/11/22 12:44:51 - copiando archivo recordatorio para las 1669688820(28th November 2022 11:27:00 PM (-03))
28/11/22 12:44:51 - Archivos generados para página web...
28/11/22 12:44:51 - Modo emergencia. audio=log/log28-11-2022 12:44:51.1msi1crskr8mp0jbuur58eeqk3.wav
28/11/22 12:44:51 - 
28/11/22 12:44:54 - 
28/11/22 12:44:54 - Saliendo del modo emergencia.
28/11/22 12:52:56 - 
28/11/22 12:52:56 - Saliendo del modo emergencia.
28/11/22 13:10:37 - Escuchando audio='php/tmp/salidaomi3ijs52323pqik41p5eemal7.wav'
28/11/22 13:10:40 - Escuchando audio='php/tmp/salidaomi3ijs52323pqik41p5eemal7.wav'
28/11/22 13:10:42 - Escuchando audio='php/tmp/salidaomi3ijs52323pqik41p5eemal7.wav'
28/11/22 13:10:44 - Escuchando audio='php/tmp/salidaomi3ijs52323pqik41p5eemal7.wav'
28/11/22 14:08:17 - Escuchando audio='php/tmp/salida1msi1crskr8mp0jbuur58eeqk3.wav'
28/11/22 14:08:46 - copiando archivo recordatorio para las 1669688820(28th November 2022 11:27:00 PM (-03))
28/11/22 14:08:46 - Archivos generados para página web...
28/11/22 14:08:46 - Modo emergencia. audio=log/log28-11-2022 14:08:46.1msi1crskr8mp0jbuur58eeqk3.wav
28/11/22 14:08:46 - 
28/11/22 14:08:49 - Escuchando audio='php/tmp/salida1msi1crskr8mp0jbuur58eeqk3.wav'
28/11/22 14:09:48 - 
28/11/22 14:09:48 - Saliendo del modo emergencia.
29/11/22 08:30:22 - Escuchando audio='php/tmp/salida1msi1crskr8mp0jbuur58eeqk3.wav'
29/11/22 08:30:23 - Escuchando audio='php/tmp/salida1msi1crskr8mp0jbuur58eeqk3.wav'
29/11/22 08:30:24 - 
29/11/22 08:30:24 - Saliendo del modo emergencia.
29/11/22 08:30:32 - copiando archivo recordatorio para las 1669723920(29th November 2022 09:12:00 AM (-03))
29/11/22 08:30:32 - Archivos generados para página web...
29/11/22 08:30:32 - Modo emergencia. audio=log/log29-11-2022 08:30:32.1msi1crskr8mp0jbuur58eeqk3.wav
29/11/22 08:30:32 - 
29/11/22 08:35:26 - 
29/11/22 08:35:26 - Saliendo del modo emergencia.
